2023-12-28T17:04:55.872+09:00  INFO 29884 --- [restartedMain] com.kdt.AirbudsApplication               : Starting AirbudsApplication using Java 17.0.8.1 with PID 29884 (D:\SpringWorkspace3\spring_airbuds\target\classes started by kojae in D:\SpringWorkspace3\spring_airbuds)
2023-12-28T17:04:55.872+09:00  INFO 29884 --- [restartedMain] com.kdt.AirbudsApplication               : No active profile set, falling back to 1 default profile: "default"
2023-12-28T17:04:56.173+09:00  INFO 29884 --- [restartedMain] .s.d.r.c.RepositoryConfigurationDelegate : Bootstrapping Spring Data JPA repositories in DEFAULT mode.
2023-12-28T17:04:56.286+09:00  INFO 29884 --- [restartedMain] .s.d.r.c.RepositoryConfigurationDelegate : Finished Spring Data repository scanning in 113 ms. Found 31 JPA repository interfaceinterfaces.
2023-12-28T17:04:56.341+09:00  WARN 29884 --- [restartedMain] o.m.s.mapper.ClassPathMapperScanner      : No MyBatis mapper was found in '[com.kdt]' package. Please check your configuration.
2023-12-28T17:04:56.415+09:00  INFO 29884 --- [restartedMain] o.s.b.w.embedded.tomcat.TomcatWebServer  : Tomcat initialized with port(s): 80 (http)
2023-12-28T17:04:56.416+09:00  INFO 29884 --- [restartedMain] o.apache.catalina.core.StandardService   : Starting service [Tomcat]
2023-12-28T17:04:56.416+09:00  INFO 29884 --- [restartedMain] o.apache.catalina.core.StandardEngine    : Starting Servlet engine: [Apache Tomcat/10.1.16]
2023-12-28T17:04:56.452+09:00  INFO 29884 --- [restartedMain] o.a.c.c.C.[Tomcat-3].[localhost].[/]     : Initializing Spring embedded WebApplicationContext
2023-12-28T17:04:56.452+09:00  INFO 29884 --- [restartedMain] w.s.c.ServletWebServerApplicationContext : Root WebApplicationContext: initialization completed in 579 ms
2023-12-28T17:04:56.510+09:00  INFO 29884 --- [restartedMain] o.hibernate.jpa.internal.util.LogHelper  : HHH000204: Processing PersistenceUnitInfo [name: default]
2023-12-28T17:04:56.512+09:00 DEBUG 29884 --- [restartedMain] o.h.t.d.jdbc.spi.JdbcTypeRegistry        : addDescriptor(FloatTypeDescriptor) replaced previous registration(DoubleTypeDescriptor)
2023-12-28T17:04:56.513+09:00 DEBUG 29884 --- [restartedMain] org.hibernate.type.BasicTypeRegistry     : Adding type registration boolean -> org.hibernate.type.BasicTypeReference@2613026b
2023-12-28T17:04:56.513+09:00 DEBUG 29884 --- [restartedMain] org.hibernate.type.BasicTypeRegistry     : Adding type registration boolean -> org.hibernate.type.BasicTypeReference@2613026b
2023-12-28T17:04:56.513+09:00 DEBUG 29884 --- [restartedMain] org.hibernate.type.BasicTypeRegistry     : Adding type registration java.lang.Boolean -> org.hibernate.type.BasicTypeReference@2613026b
2023-12-28T17:04:56.513+09:00 DEBUG 29884 --- [restartedMain] org.hibernate.type.BasicTypeRegistry     : Adding type registration numeric_boolean -> org.hibernate.type.BasicTypeReference@77b34712
2023-12-28T17:04:56.513+09:00 DEBUG 29884 --- [restartedMain] org.hibernate.type.BasicTypeRegistry     : Adding type registration org.hibernate.type.NumericBooleanConverter -> org.hibernate.type.BasicTypeReference@77b34712
2023-12-28T17:04:56.513+09:00 DEBUG 29884 --- [restartedMain] org.hibernate.type.BasicTypeRegistry     : Adding type registration true_false -> org.hibernate.type.BasicTypeReference@46351321
2023-12-28T17:04:56.513+09:00 DEBUG 29884 --- [restartedMain] org.hibernate.type.BasicTypeRegistry     : Adding type registration org.hibernate.type.TrueFalseConverter -> org.hibernate.type.BasicTypeReference@46351321
2023-12-28T17:04:56.513+09:00 DEBUG 29884 --- [restartedMain] org.hibernate.type.BasicTypeRegistry     : Adding type registration yes_no -> org.hibernate.type.BasicTypeReference@72e8d88e
2023-12-28T17:04:56.513+09:00 DEBUG 29884 --- [restartedMain] org.hibernate.type.BasicTypeRegistry     : Adding type registration org.hibernate.type.YesNoConverter -> org.hibernate.type.BasicTypeReference@72e8d88e
2023-12-28T17:04:56.513+09:00 DEBUG 29884 --- [restartedMain] org.hibernate.type.BasicTypeRegistry     : Adding type registration byte -> org.hibernate.type.BasicTypeReference@4cd68ce2
2023-12-28T17:04:56.513+09:00 DEBUG 29884 --- [restartedMain] org.hibernate.type.BasicTypeRegistry     : Adding type registration byte -> org.hibernate.type.BasicTypeReference@4cd68ce2
2023-12-28T17:04:56.513+09:00 DEBUG 29884 --- [restartedMain] org.hibernate.type.BasicTypeRegistry     : Adding type registration java.lang.Byte -> org.hibernate.type.BasicTypeReference@4cd68ce2
2023-12-28T17:04:56.513+09:00 DEBUG 29884 --- [restartedMain] org.hibernate.type.BasicTypeRegistry     : Adding type registration binary -> org.hibernate.type.BasicTypeReference@21b0d9bd
2023-12-28T17:04:56.513+09:00 DEBUG 29884 --- [restartedMain] org.hibernate.type.BasicTypeRegistry     : Adding type registration byte[] -> org.hibernate.type.BasicTypeReference@21b0d9bd
2023-12-28T17:04:56.513+09:00 DEBUG 29884 --- [restartedMain] org.hibernate.type.BasicTypeRegistry     : Adding type registration [B -> org.hibernate.type.BasicTypeReference@21b0d9bd
2023-12-28T17:04:56.513+09:00 DEBUG 29884 --- [restartedMain] org.hibernate.type.BasicTypeRegistry     : Adding type registration binary_wrapper -> org.hibernate.type.BasicTypeReference@3a3d56a
2023-12-28T17:04:56.513+09:00 DEBUG 29884 --- [restartedMain] org.hibernate.type.BasicTypeRegistry     : Adding type registration wrapper-binary -> org.hibernate.type.BasicTypeReference@3a3d56a
2023-12-28T17:04:56.513+09:00 DEBUG 29884 --- [restartedMain] org.hibernate.type.BasicTypeRegistry     : Adding type registration Byte[] -> org.hibernate.type.BasicTypeReference@3a3d56a
2023-12-28T17:04:56.513+09:00 DEBUG 29884 --- [restartedMain] org.hibernate.type.BasicTypeRegistry     : Adding type registration [Ljava.lang.Byte; -> org.hibernate.type.BasicTypeReference@3a3d56a
2023-12-28T17:04:56.513+09:00 DEBUG 29884 --- [restartedMain] org.hibernate.type.BasicTypeRegistry     : Adding type registration image -> org.hibernate.type.BasicTypeReference@24f98992
2023-12-28T17:04:56.513+09:00 DEBUG 29884 --- [restartedMain] org.hibernate.type.BasicTypeRegistry     : Adding type registration blob -> org.hibernate.type.BasicTypeReference@7802484e
2023-12-28T17:04:56.513+09:00 DEBUG 29884 --- [restartedMain] org.hibernate.type.BasicTypeRegistry     : Adding type registration java.sql.Blob -> org.hibernate.type.BasicTypeReference@7802484e
2023-12-28T17:04:56.513+09:00 DEBUG 29884 --- [restartedMain] org.hibernate.type.BasicTypeRegistry     : Adding type registration materialized_blob -> org.hibernate.type.BasicTypeReference@547fa998
2023-12-28T17:04:56.513+09:00 DEBUG 29884 --- [restartedMain] org.hibernate.type.BasicTypeRegistry     : Adding type registration materialized_blob_wrapper -> org.hibernate.type.BasicTypeReference@49ea2ef8
2023-12-28T17:04:56.513+09:00 DEBUG 29884 --- [restartedMain] org.hibernate.type.BasicTypeRegistry     : Adding type registration short -> org.hibernate.type.BasicTypeReference@21379b4e
2023-12-28T17:04:56.513+09:00 DEBUG 29884 --- [restartedMain] org.hibernate.type.BasicTypeRegistry     : Adding type registration short -> org.hibernate.type.BasicTypeReference@21379b4e
2023-12-28T17:04:56.513+09:00 DEBUG 29884 --- [restartedMain] org.hibernate.type.BasicTypeRegistry     : Adding type registration java.lang.Short -> org.hibernate.type.BasicTypeReference@21379b4e
2023-12-28T17:04:56.513+09:00 DEBUG 29884 --- [restartedMain] org.hibernate.type.BasicTypeRegistry     : Adding type registration integer -> org.hibernate.type.BasicTypeReference@4b1df71e
2023-12-28T17:04:56.513+09:00 DEBUG 29884 --- [restartedMain] org.hibernate.type.BasicTypeRegistry     : Adding type registration int -> org.hibernate.type.BasicTypeReference@4b1df71e
2023-12-28T17:04:56.513+09:00 DEBUG 29884 --- [restartedMain] org.hibernate.type.BasicTypeRegistry     : Adding type registration java.lang.Integer -> org.hibernate.type.BasicTypeReference@4b1df71e
2023-12-28T17:04:56.513+09:00 DEBUG 29884 --- [restartedMain] org.hibernate.type.BasicTypeRegistry     : Adding type registration long -> org.hibernate.type.BasicTypeReference@6287b48c
2023-12-28T17:04:56.513+09:00 DEBUG 29884 --- [restartedMain] org.hibernate.type.BasicTypeRegistry     : Adding type registration long -> org.hibernate.type.BasicTypeReference@6287b48c
2023-12-28T17:04:56.513+09:00 DEBUG 29884 --- [restartedMain] org.hibernate.type.BasicTypeRegistry     : Adding type registration java.lang.Long -> org.hibernate.type.BasicTypeReference@6287b48c
2023-12-28T17:04:56.513+09:00 DEBUG 29884 --- [restartedMain] org.hibernate.type.BasicTypeRegistry     : Adding type registration float -> org.hibernate.type.BasicTypeReference@7a82cbca
2023-12-28T17:04:56.513+09:00 DEBUG 29884 --- [restartedMain] org.hibernate.type.BasicTypeRegistry     : Adding type registration float -> org.hibernate.type.BasicTypeReference@7a82cbca
2023-12-28T17:04:56.513+09:00 DEBUG 29884 --- [restartedMain] org.hibernate.type.BasicTypeRegistry     : Adding type registration java.lang.Float -> org.hibernate.type.BasicTypeReference@7a82cbca
2023-12-28T17:04:56.513+09:00 DEBUG 29884 --- [restartedMain] org.hibernate.type.BasicTypeRegistry     : Adding type registration double -> org.hibernate.type.BasicTypeReference@6772d23f
2023-12-28T17:04:56.514+09:00 DEBUG 29884 --- [restartedMain] org.hibernate.type.BasicTypeRegistry     : Adding type registration double -> org.hibernate.type.BasicTypeReference@6772d23f
2023-12-28T17:04:56.514+09:00 DEBUG 29884 --- [restartedMain] org.hibernate.type.BasicTypeRegistry     : Adding type registration java.lang.Double -> org.hibernate.type.BasicTypeReference@6772d23f
2023-12-28T17:04:56.514+09:00 DEBUG 29884 --- [restartedMain] org.hibernate.type.BasicTypeRegistry     : Adding type registration big_integer -> org.hibernate.type.BasicTypeReference@43f36cc8
2023-12-28T17:04:56.514+09:00 DEBUG 29884 --- [restartedMain] org.hibernate.type.BasicTypeRegistry     : Adding type registration java.math.BigInteger -> org.hibernate.type.BasicTypeReference@43f36cc8
2023-12-28T17:04:56.514+09:00 DEBUG 29884 --- [restartedMain] org.hibernate.type.BasicTypeRegistry     : Adding type registration big_decimal -> org.hibernate.type.BasicTypeReference@1c8f83ee
2023-12-28T17:04:56.514+09:00 DEBUG 29884 --- [restartedMain] org.hibernate.type.BasicTypeRegistry     : Adding type registration java.math.BigDecimal -> org.hibernate.type.BasicTypeReference@1c8f83ee
2023-12-28T17:04:56.514+09:00 DEBUG 29884 --- [restartedMain] org.hibernate.type.BasicTypeRegistry     : Adding type registration character -> org.hibernate.type.BasicTypeReference@70bfd72e
2023-12-28T17:04:56.514+09:00 DEBUG 29884 --- [restartedMain] org.hibernate.type.BasicTypeRegistry     : Adding type registration char -> org.hibernate.type.BasicTypeReference@70bfd72e
2023-12-28T17:04:56.514+09:00 DEBUG 29884 --- [restartedMain] org.hibernate.type.BasicTypeRegistry     : Adding type registration java.lang.Character -> org.hibernate.type.BasicTypeReference@70bfd72e
2023-12-28T17:04:56.514+09:00 DEBUG 29884 --- [restartedMain] org.hibernate.type.BasicTypeRegistry     : Adding type registration character_nchar -> org.hibernate.type.BasicTypeReference@12d102c
2023-12-28T17:04:56.514+09:00 DEBUG 29884 --- [restartedMain] org.hibernate.type.BasicTypeRegistry     : Adding type registration string -> org.hibernate.type.BasicTypeReference@59e0a9ed
2023-12-28T17:04:56.514+09:00 DEBUG 29884 --- [restartedMain] org.hibernate.type.BasicTypeRegistry     : Adding type registration java.lang.String -> org.hibernate.type.BasicTypeReference@59e0a9ed
2023-12-28T17:04:56.514+09:00 DEBUG 29884 --- [restartedMain] org.hibernate.type.BasicTypeRegistry     : Adding type registration nstring -> org.hibernate.type.BasicTypeReference@3990c1cc
2023-12-28T17:04:56.514+09:00 DEBUG 29884 --- [restartedMain] org.hibernate.type.BasicTypeRegistry     : Adding type registration characters -> org.hibernate.type.BasicTypeReference@37187777
2023-12-28T17:04:56.514+09:00 DEBUG 29884 --- [restartedMain] org.hibernate.type.BasicTypeRegistry     : Adding type registration char[] -> org.hibernate.type.BasicTypeReference@37187777
2023-12-28T17:04:56.514+09:00 DEBUG 29884 --- [restartedMain] org.hibernate.type.BasicTypeRegistry     : Adding type registration [C -> org.hibernate.type.BasicTypeReference@37187777
2023-12-28T17:04:56.514+09:00 DEBUG 29884 --- [restartedMain] org.hibernate.type.BasicTypeRegistry     : Adding type registration wrapper-characters -> org.hibernate.type.BasicTypeReference@5eddadc8
2023-12-28T17:04:56.514+09:00 DEBUG 29884 --- [restartedMain] org.hibernate.type.BasicTypeRegistry     : Adding type registration [Ljava.lang.Character; -> org.hibernate.type.BasicTypeReference@5eddadc8
2023-12-28T17:04:56.514+09:00 DEBUG 29884 --- [restartedMain] org.hibernate.type.BasicTypeRegistry     : Adding type registration Character[] -> org.hibernate.type.BasicTypeReference@5eddadc8
2023-12-28T17:04:56.514+09:00 DEBUG 29884 --- [restartedMain] org.hibernate.type.BasicTypeRegistry     : Adding type registration text -> org.hibernate.type.BasicTypeReference@22ec83f
2023-12-28T17:04:56.514+09:00 DEBUG 29884 --- [restartedMain] org.hibernate.type.BasicTypeRegistry     : Adding type registration ntext -> org.hibernate.type.BasicTypeReference@3d8ff717
2023-12-28T17:04:56.514+09:00 DEBUG 29884 --- [restartedMain] org.hibernate.type.BasicTypeRegistry     : Adding type registration clob -> org.hibernate.type.BasicTypeReference@49d89c1e
2023-12-28T17:04:56.514+09:00 DEBUG 29884 --- [restartedMain] org.hibernate.type.BasicTypeRegistry     : Adding type registration java.sql.Clob -> org.hibernate.type.BasicTypeReference@49d89c1e
2023-12-28T17:04:56.514+09:00 DEBUG 29884 --- [restartedMain] org.hibernate.type.BasicTypeRegistry     : Adding type registration nclob -> org.hibernate.type.BasicTypeReference@7ad8db00
2023-12-28T17:04:56.514+09:00 DEBUG 29884 --- [restartedMain] org.hibernate.type.BasicTypeRegistry     : Adding type registration java.sql.NClob -> org.hibernate.type.BasicTypeReference@7ad8db00
2023-12-28T17:04:56.514+09:00 DEBUG 29884 --- [restartedMain] org.hibernate.type.BasicTypeRegistry     : Adding type registration materialized_clob -> org.hibernate.type.BasicTypeReference@ec38b54
2023-12-28T17:04:56.514+09:00 DEBUG 29884 --- [restartedMain] org.hibernate.type.BasicTypeRegistry     : Adding type registration materialized_clob_char_array -> org.hibernate.type.BasicTypeReference@4cb6f2d4
2023-12-28T17:04:56.514+09:00 DEBUG 29884 --- [restartedMain] org.hibernate.type.BasicTypeRegistry     : Adding type registration materialized_clob_character_array -> org.hibernate.type.BasicTypeReference@4183af30
2023-12-28T17:04:56.514+09:00 DEBUG 29884 --- [restartedMain] org.hibernate.type.BasicTypeRegistry     : Adding type registration materialized_nclob -> org.hibernate.type.BasicTypeReference@7d3f7cdb
2023-12-28T17:04:56.514+09:00 DEBUG 29884 --- [restartedMain] org.hibernate.type.BasicTypeRegistry     : Adding type registration materialized_nclob_character_array -> org.hibernate.type.BasicTypeReference@6fb4d103
2023-12-28T17:04:56.514+09:00 DEBUG 29884 --- [restartedMain] org.hibernate.type.BasicTypeRegistry     : Adding type registration materialized_nclob_char_array -> org.hibernate.type.BasicTypeReference@146fbe73
2023-12-28T17:04:56.514+09:00 DEBUG 29884 --- [restartedMain] org.hibernate.type.BasicTypeRegistry     : Adding type registration Duration -> org.hibernate.type.BasicTypeReference@48c969e1
2023-12-28T17:04:56.514+09:00 DEBUG 29884 --- [restartedMain] org.hibernate.type.BasicTypeRegistry     : Adding type registration java.time.Duration -> org.hibernate.type.BasicTypeReference@48c969e1
2023-12-28T17:04:56.514+09:00 DEBUG 29884 --- [restartedMain] org.hibernate.type.BasicTypeRegistry     : Adding type registration LocalDateTime -> org.hibernate.type.BasicTypeReference@4e161d87
2023-12-28T17:04:56.514+09:00 DEBUG 29884 --- [restartedMain] org.hibernate.type.BasicTypeRegistry     : Adding type registration java.time.LocalDateTime -> org.hibernate.type.BasicTypeReference@4e161d87
2023-12-28T17:04:56.514+09:00 DEBUG 29884 --- [restartedMain] org.hibernate.type.BasicTypeRegistry     : Adding type registration LocalDate -> org.hibernate.type.BasicTypeReference@763e18f
2023-12-28T17:04:56.515+09:00 DEBUG 29884 --- [restartedMain] org.hibernate.type.BasicTypeRegistry     : Adding type registration java.time.LocalDate -> org.hibernate.type.BasicTypeReference@763e18f
2023-12-28T17:04:56.515+09:00 DEBUG 29884 --- [restartedMain] org.hibernate.type.BasicTypeRegistry     : Adding type registration LocalTime -> org.hibernate.type.BasicTypeReference@6e965b36
2023-12-28T17:04:56.515+09:00 DEBUG 29884 --- [restartedMain] org.hibernate.type.BasicTypeRegistry     : Adding type registration java.time.LocalTime -> org.hibernate.type.BasicTypeReference@6e965b36
2023-12-28T17:04:56.515+09:00 DEBUG 29884 --- [restartedMain] org.hibernate.type.BasicTypeRegistry     : Adding type registration OffsetDateTime -> org.hibernate.type.BasicTypeReference@6d13b164
2023-12-28T17:04:56.515+09:00 DEBUG 29884 --- [restartedMain] org.hibernate.type.BasicTypeRegistry     : Adding type registration java.time.OffsetDateTime -> org.hibernate.type.BasicTypeReference@6d13b164
2023-12-28T17:04:56.515+09:00 DEBUG 29884 --- [restartedMain] org.hibernate.type.BasicTypeRegistry     : Adding type registration OffsetDateTimeWithTimezone -> org.hibernate.type.BasicTypeReference@13176364
2023-12-28T17:04:56.515+09:00 DEBUG 29884 --- [restartedMain] org.hibernate.type.BasicTypeRegistry     : Adding type registration OffsetDateTimeWithoutTimezone -> org.hibernate.type.BasicTypeReference@b608710
2023-12-28T17:04:56.515+09:00 DEBUG 29884 --- [restartedMain] org.hibernate.type.BasicTypeRegistry     : Adding type registration OffsetTime -> org.hibernate.type.BasicTypeReference@57f332a1
2023-12-28T17:04:56.515+09:00 DEBUG 29884 --- [restartedMain] org.hibernate.type.BasicTypeRegistry     : Adding type registration java.time.OffsetTime -> org.hibernate.type.BasicTypeReference@57f332a1
2023-12-28T17:04:56.515+09:00 DEBUG 29884 --- [restartedMain] org.hibernate.type.BasicTypeRegistry     : Adding type registration ZonedDateTime -> org.hibernate.type.BasicTypeReference@279b31aa
2023-12-28T17:04:56.515+09:00 DEBUG 29884 --- [restartedMain] org.hibernate.type.BasicTypeRegistry     : Adding type registration java.time.ZonedDateTime -> org.hibernate.type.BasicTypeReference@279b31aa
2023-12-28T17:04:56.515+09:00 DEBUG 29884 --- [restartedMain] org.hibernate.type.BasicTypeRegistry     : Adding type registration ZonedDateTimeWithTimezone -> org.hibernate.type.BasicTypeReference@fbf6a7e
2023-12-28T17:04:56.515+09:00 DEBUG 29884 --- [restartedMain] org.hibernate.type.BasicTypeRegistry     : Adding type registration ZonedDateTimeWithoutTimezone -> org.hibernate.type.BasicTypeReference@68249e
2023-12-28T17:04:56.515+09:00 DEBUG 29884 --- [restartedMain] org.hibernate.type.BasicTypeRegistry     : Adding type registration date -> org.hibernate.type.BasicTypeReference@4ec07808
2023-12-28T17:04:56.515+09:00 DEBUG 29884 --- [restartedMain] org.hibernate.type.BasicTypeRegistry     : Adding type registration java.sql.Date -> org.hibernate.type.BasicTypeReference@4ec07808
2023-12-28T17:04:56.515+09:00 DEBUG 29884 --- [restartedMain] org.hibernate.type.BasicTypeRegistry     : Adding type registration time -> org.hibernate.type.BasicTypeReference@30a8161b
2023-12-28T17:04:56.515+09:00 DEBUG 29884 --- [restartedMain] org.hibernate.type.BasicTypeRegistry     : Adding type registration java.sql.Time -> org.hibernate.type.BasicTypeReference@30a8161b
2023-12-28T17:04:56.515+09:00 DEBUG 29884 --- [restartedMain] org.hibernate.type.BasicTypeRegistry     : Adding type registration timestamp -> org.hibernate.type.BasicTypeReference@443076ea
2023-12-28T17:04:56.515+09:00 DEBUG 29884 --- [restartedMain] org.hibernate.type.BasicTypeRegistry     : Adding type registration java.sql.Timestamp -> org.hibernate.type.BasicTypeReference@443076ea
2023-12-28T17:04:56.515+09:00 DEBUG 29884 --- [restartedMain] org.hibernate.type.BasicTypeRegistry     : Adding type registration java.util.Date -> org.hibernate.type.BasicTypeReference@443076ea
2023-12-28T17:04:56.515+09:00 DEBUG 29884 --- [restartedMain] org.hibernate.type.BasicTypeRegistry     : Adding type registration calendar -> org.hibernate.type.BasicTypeReference@53df626
2023-12-28T17:04:56.515+09:00 DEBUG 29884 --- [restartedMain] org.hibernate.type.BasicTypeRegistry     : Adding type registration java.util.Calendar -> org.hibernate.type.BasicTypeReference@53df626
2023-12-28T17:04:56.515+09:00 DEBUG 29884 --- [restartedMain] org.hibernate.type.BasicTypeRegistry     : Adding type registration java.util.GregorianCalendar -> org.hibernate.type.BasicTypeReference@53df626
2023-12-28T17:04:56.515+09:00 DEBUG 29884 --- [restartedMain] org.hibernate.type.BasicTypeRegistry     : Adding type registration calendar_date -> org.hibernate.type.BasicTypeReference@48f0deb1
2023-12-28T17:04:56.515+09:00 DEBUG 29884 --- [restartedMain] org.hibernate.type.BasicTypeRegistry     : Adding type registration calendar_time -> org.hibernate.type.BasicTypeReference@3818017a
2023-12-28T17:04:56.515+09:00 DEBUG 29884 --- [restartedMain] org.hibernate.type.BasicTypeRegistry     : Adding type registration instant -> org.hibernate.type.BasicTypeReference@7fd8b7b5
2023-12-28T17:04:56.515+09:00 DEBUG 29884 --- [restartedMain] org.hibernate.type.BasicTypeRegistry     : Adding type registration java.time.Instant -> org.hibernate.type.BasicTypeReference@7fd8b7b5
2023-12-28T17:04:56.515+09:00 DEBUG 29884 --- [restartedMain] org.hibernate.type.BasicTypeRegistry     : Adding type registration uuid -> org.hibernate.type.BasicTypeReference@153ee2ae
2023-12-28T17:04:56.515+09:00 DEBUG 29884 --- [restartedMain] org.hibernate.type.BasicTypeRegistry     : Adding type registration java.util.UUID -> org.hibernate.type.BasicTypeReference@153ee2ae
2023-12-28T17:04:56.515+09:00 DEBUG 29884 --- [restartedMain] org.hibernate.type.BasicTypeRegistry     : Adding type registration pg-uuid -> org.hibernate.type.BasicTypeReference@153ee2ae
2023-12-28T17:04:56.515+09:00 DEBUG 29884 --- [restartedMain] org.hibernate.type.BasicTypeRegistry     : Adding type registration uuid-binary -> org.hibernate.type.BasicTypeReference@5bf5a3ee
2023-12-28T17:04:56.515+09:00 DEBUG 29884 --- [restartedMain] org.hibernate.type.BasicTypeRegistry     : Adding type registration uuid-char -> org.hibernate.type.BasicTypeReference@239e6a3b
2023-12-28T17:04:56.515+09:00 DEBUG 29884 --- [restartedMain] org.hibernate.type.BasicTypeRegistry     : Adding type registration class -> org.hibernate.type.BasicTypeReference@19c114e2
2023-12-28T17:04:56.515+09:00 DEBUG 29884 --- [restartedMain] org.hibernate.type.BasicTypeRegistry     : Adding type registration java.lang.Class -> org.hibernate.type.BasicTypeReference@19c114e2
2023-12-28T17:04:56.515+09:00 DEBUG 29884 --- [restartedMain] org.hibernate.type.BasicTypeRegistry     : Adding type registration currency -> org.hibernate.type.BasicTypeReference@7b88aee6
2023-12-28T17:04:56.516+09:00 DEBUG 29884 --- [restartedMain] org.hibernate.type.BasicTypeRegistry     : Adding type registration Currency -> org.hibernate.type.BasicTypeReference@7b88aee6
2023-12-28T17:04:56.516+09:00 DEBUG 29884 --- [restartedMain] org.hibernate.type.BasicTypeRegistry     : Adding type registration java.util.Currency -> org.hibernate.type.BasicTypeReference@7b88aee6
2023-12-28T17:04:56.516+09:00 DEBUG 29884 --- [restartedMain] org.hibernate.type.BasicTypeRegistry     : Adding type registration locale -> org.hibernate.type.BasicTypeReference@d9498aa
2023-12-28T17:04:56.516+09:00 DEBUG 29884 --- [restartedMain] org.hibernate.type.BasicTypeRegistry     : Adding type registration java.util.Locale -> org.hibernate.type.BasicTypeReference@d9498aa
2023-12-28T17:04:56.516+09:00 DEBUG 29884 --- [restartedMain] org.hibernate.type.BasicTypeRegistry     : Adding type registration serializable -> org.hibernate.type.BasicTypeReference@5d8bf491
2023-12-28T17:04:56.516+09:00 DEBUG 29884 --- [restartedMain] org.hibernate.type.BasicTypeRegistry     : Adding type registration java.io.Serializable -> org.hibernate.type.BasicTypeReference@5d8bf491
2023-12-28T17:04:56.516+09:00 DEBUG 29884 --- [restartedMain] org.hibernate.type.BasicTypeRegistry     : Adding type registration timezone -> org.hibernate.type.BasicTypeReference@4cfc9dc6
2023-12-28T17:04:56.516+09:00 DEBUG 29884 --- [restartedMain] org.hibernate.type.BasicTypeRegistry     : Adding type registration java.util.TimeZone -> org.hibernate.type.BasicTypeReference@4cfc9dc6
2023-12-28T17:04:56.516+09:00 DEBUG 29884 --- [restartedMain] org.hibernate.type.BasicTypeRegistry     : Adding type registration ZoneOffset -> org.hibernate.type.BasicTypeReference@723df521
2023-12-28T17:04:56.516+09:00 DEBUG 29884 --- [restartedMain] org.hibernate.type.BasicTypeRegistry     : Adding type registration java.time.ZoneOffset -> org.hibernate.type.BasicTypeReference@723df521
2023-12-28T17:04:56.516+09:00 DEBUG 29884 --- [restartedMain] org.hibernate.type.BasicTypeRegistry     : Adding type registration url -> org.hibernate.type.BasicTypeReference@5b456204
2023-12-28T17:04:56.516+09:00 DEBUG 29884 --- [restartedMain] org.hibernate.type.BasicTypeRegistry     : Adding type registration java.net.URL -> org.hibernate.type.BasicTypeReference@5b456204
2023-12-28T17:04:56.516+09:00 DEBUG 29884 --- [restartedMain] org.hibernate.type.BasicTypeRegistry     : Adding type registration row_version -> org.hibernate.type.BasicTypeReference@59683a81
2023-12-28T17:04:56.516+09:00 DEBUG 29884 --- [restartedMain] org.hibernate.type.BasicTypeRegistry     : Adding type registration dbtimestamp -> org.hibernate.type.DbTimestampType@34ac0722
2023-12-28T17:04:56.516+09:00 DEBUG 29884 --- [restartedMain] org.hibernate.type.BasicTypeRegistry     : Adding type registration dbtimestamp -> org.hibernate.type.DbTimestampType@34ac0722
2023-12-28T17:04:56.516+09:00 DEBUG 29884 --- [restartedMain] org.hibernate.type.BasicTypeRegistry     : Adding type registration object -> org.hibernate.type.JavaObjectType@7e2f5cfa
2023-12-28T17:04:56.516+09:00 DEBUG 29884 --- [restartedMain] org.hibernate.type.BasicTypeRegistry     : Adding type registration java.lang.Object -> org.hibernate.type.JavaObjectType@7e2f5cfa
2023-12-28T17:04:56.516+09:00 DEBUG 29884 --- [restartedMain] org.hibernate.type.BasicTypeRegistry     : Adding type registration null -> org.hibernate.type.NullType@471bedb5
2023-12-28T17:04:56.516+09:00 DEBUG 29884 --- [restartedMain] org.hibernate.type.BasicTypeRegistry     : Adding type registration imm_date -> org.hibernate.type.BasicTypeReference@6916c85b
2023-12-28T17:04:56.516+09:00 DEBUG 29884 --- [restartedMain] org.hibernate.type.BasicTypeRegistry     : Adding type registration imm_time -> org.hibernate.type.BasicTypeReference@63a9e914
2023-12-28T17:04:56.516+09:00 DEBUG 29884 --- [restartedMain] org.hibernate.type.BasicTypeRegistry     : Adding type registration imm_timestamp -> org.hibernate.type.BasicTypeReference@52478bb8
2023-12-28T17:04:56.516+09:00 DEBUG 29884 --- [restartedMain] org.hibernate.type.BasicTypeRegistry     : Adding type registration imm_calendar -> org.hibernate.type.BasicTypeReference@3f88ab15
2023-12-28T17:04:56.516+09:00 DEBUG 29884 --- [restartedMain] org.hibernate.type.BasicTypeRegistry     : Adding type registration imm_calendar_date -> org.hibernate.type.BasicTypeReference@6003e8af
2023-12-28T17:04:56.517+09:00 DEBUG 29884 --- [restartedMain] org.hibernate.type.BasicTypeRegistry     : Adding type registration imm_calendar_time -> org.hibernate.type.BasicTypeReference@4c4e5cf2
2023-12-28T17:04:56.517+09:00 DEBUG 29884 --- [restartedMain] org.hibernate.type.BasicTypeRegistry     : Adding type registration imm_binary -> org.hibernate.type.BasicTypeReference@22ba0488
2023-12-28T17:04:56.517+09:00 DEBUG 29884 --- [restartedMain] org.hibernate.type.BasicTypeRegistry     : Adding type registration imm_serializable -> org.hibernate.type.BasicTypeReference@5810c3c9
2023-12-28T17:04:56.520+09:00  INFO 29884 --- [restartedMain] com.zaxxer.hikari.HikariDataSource       : HikariPool-3 - Starting...
2023-12-28T17:04:56.702+09:00  INFO 29884 --- [restartedMain] com.zaxxer.hikari.pool.HikariPool        : HikariPool-3 - Added connection com.mysql.cj.jdbc.ConnectionImpl@5a334806
2023-12-28T17:04:56.702+09:00  INFO 29884 --- [restartedMain] com.zaxxer.hikari.HikariDataSource       : HikariPool-3 - Start completed.
2023-12-28T17:04:56.703+09:00  INFO 29884 --- [restartedMain] SQL dialect                              : HHH000400: Using dialect: org.hibernate.dialect.MySQL8Dialect
2023-12-28T17:04:56.703+09:00  WARN 29884 --- [restartedMain] org.hibernate.orm.deprecation            : HHH90000026: MySQL8Dialect has been deprecated; use org.hibernate.dialect.MySQLDialect instead
2023-12-28T17:04:56.703+09:00 DEBUG 29884 --- [restartedMain] o.h.t.d.sql.spi.DdlTypeRegistry          : addDescriptor(12, org.hibernate.type.descriptor.sql.internal.CapacityDependentDdlType@309e93e8) replaced previous registration(org.hibernate.type.descriptor.sql.internal.CapacityDependentDdlType@4e04f739)
2023-12-28T17:04:56.703+09:00 DEBUG 29884 --- [restartedMain] o.h.t.d.sql.spi.DdlTypeRegistry          : addDescriptor(-9, org.hibernate.type.descriptor.sql.internal.CapacityDependentDdlType@6a55d54b) replaced previous registration(org.hibernate.type.descriptor.sql.internal.CapacityDependentDdlType@2ae6d37f)
2023-12-28T17:04:56.703+09:00 DEBUG 29884 --- [restartedMain] o.h.t.d.sql.spi.DdlTypeRegistry          : addDescriptor(-3, org.hibernate.type.descriptor.sql.internal.CapacityDependentDdlType@6ea31418) replaced previous registration(org.hibernate.type.descriptor.sql.internal.CapacityDependentDdlType@7778bca)
2023-12-28T17:04:56.703+09:00 DEBUG 29884 --- [restartedMain] o.h.t.d.sql.spi.DdlTypeRegistry          : addDescriptor(4003, org.hibernate.type.descriptor.sql.internal.DdlTypeImpl@434ce9e2) replaced previous registration(org.hibernate.type.descriptor.sql.internal.DdlTypeImpl@5fadb7df)
2023-12-28T17:04:56.703+09:00 DEBUG 29884 --- [restartedMain] o.h.t.d.sql.spi.DdlTypeRegistry          : addDescriptor(4001, org.hibernate.type.descriptor.sql.internal.DdlTypeImpl@29587be6) replaced previous registration(org.hibernate.type.descriptor.sql.internal.DdlTypeImpl@124a8cdc)
2023-12-28T17:04:56.703+09:00 DEBUG 29884 --- [restartedMain] o.h.t.d.sql.spi.DdlTypeRegistry          : addDescriptor(4002, org.hibernate.type.descriptor.sql.internal.DdlTypeImpl@366d748e) replaced previous registration(org.hibernate.type.descriptor.sql.internal.DdlTypeImpl@4cc2ed3)
2023-12-28T17:04:56.703+09:00 DEBUG 29884 --- [restartedMain] o.h.t.d.sql.spi.DdlTypeRegistry          : addDescriptor(2004, org.hibernate.type.descriptor.sql.internal.CapacityDependentDdlType@6ea1f2e7) replaced previous registration(org.hibernate.type.descriptor.sql.internal.DdlTypeImpl@28cbbf83)
2023-12-28T17:04:56.703+09:00 DEBUG 29884 --- [restartedMain] o.h.t.d.sql.spi.DdlTypeRegistry          : addDescriptor(2005, org.hibernate.type.descriptor.sql.internal.CapacityDependentDdlType@755f7710) replaced previous registration(org.hibernate.type.descriptor.sql.internal.DdlTypeImpl@100075de)
2023-12-28T17:04:56.703+09:00 DEBUG 29884 --- [restartedMain] o.h.t.d.sql.spi.DdlTypeRegistry          : addDescriptor(2011, org.hibernate.type.descriptor.sql.internal.CapacityDependentDdlType@71579bf3) replaced previous registration(org.hibernate.type.descriptor.sql.internal.DdlTypeImpl@41515fd)
2023-12-28T17:04:56.704+09:00 DEBUG 29884 --- [restartedMain] o.h.t.d.jdbc.spi.JdbcTypeRegistry        : addDescriptor(NCharTypeDescriptor) replaced previous registration(CharTypeDescriptor)
2023-12-28T17:04:56.704+09:00 DEBUG 29884 --- [restartedMain] o.h.t.d.jdbc.spi.JdbcTypeRegistry        : addDescriptor(NVarcharTypeDescriptor) replaced previous registration(VarcharTypeDescriptor)
2023-12-28T17:04:56.704+09:00 DEBUG 29884 --- [restartedMain] o.h.t.d.jdbc.spi.JdbcTypeRegistry        : addDescriptor(LongNVarcharTypeDescriptor) replaced previous registration(LongVarcharTypeDescriptor)
2023-12-28T17:04:56.704+09:00 DEBUG 29884 --- [restartedMain] o.h.t.d.jdbc.spi.JdbcTypeRegistry        : addDescriptor(NClobTypeDescriptor(DEFAULT)) replaced previous registration(ClobTypeDescriptor(DEFAULT))
2023-12-28T17:04:56.704+09:00 DEBUG 29884 --- [restartedMain] o.h.t.d.jdbc.spi.JdbcTypeRegistry        : addDescriptor(2005, ClobTypeDescriptor(STREAM_BINDING)) replaced previous registration(ClobTypeDescriptor(DEFAULT))
2023-12-28T17:04:56.704+09:00 DEBUG 29884 --- [restartedMain] org.hibernate.type.BasicTypeRegistry     : Adding type registration null -> org.hibernate.type.NullType@a7c1598
2023-12-28T17:04:56.704+09:00 DEBUG 29884 --- [restartedMain] org.hibernate.type.BasicTypeRegistry     : Type registration key [null] overrode previous entry : `org.hibernate.type.NullType@471bedb5`
2023-12-28T17:04:56.704+09:00 DEBUG 29884 --- [restartedMain] org.hibernate.type.BasicTypeRegistry     : Adding type registration org.hibernate.type.OffsetDateTimeType -> basicType@35(java.time.OffsetDateTime,93)
2023-12-28T17:04:56.705+09:00 DEBUG 29884 --- [restartedMain] org.hibernate.type.BasicTypeRegistry     : Adding type registration OffsetDateTime -> basicType@35(java.time.OffsetDateTime,93)
2023-12-28T17:04:56.705+09:00 DEBUG 29884 --- [restartedMain] org.hibernate.type.BasicTypeRegistry     : Adding type registration java.time.OffsetDateTime -> basicType@35(java.time.OffsetDateTime,93)
2023-12-28T17:04:56.705+09:00 DEBUG 29884 --- [restartedMain] org.hibernate.type.BasicTypeRegistry     : Adding type registration org.hibernate.type.ZonedDateTimeType -> basicType@36(java.time.ZonedDateTime,93)
2023-12-28T17:04:56.705+09:00 DEBUG 29884 --- [restartedMain] org.hibernate.type.BasicTypeRegistry     : Adding type registration ZonedDateTime -> basicType@36(java.time.ZonedDateTime,93)
2023-12-28T17:04:56.705+09:00 DEBUG 29884 --- [restartedMain] org.hibernate.type.BasicTypeRegistry     : Adding type registration java.time.ZonedDateTime -> basicType@36(java.time.ZonedDateTime,93)
2023-12-28T17:04:56.705+09:00 DEBUG 29884 --- [restartedMain] o.h.type.spi.TypeConfiguration$Scope     : Scoping TypeConfiguration [org.hibernate.type.spi.TypeConfiguration@19413f8c] to MetadataBuildingContext [org.hibernate.boot.internal.MetadataBuildingContextRootImpl@5484a754]
2023-12-28T17:04:56.772+09:00 DEBUG 29884 --- [restartedMain] o.h.type.spi.TypeConfiguration$Scope     : Scoping TypeConfiguration [org.hibernate.type.spi.TypeConfiguration@19413f8c] to SessionFactoryImplementor [org.hibernate.internal.SessionFactoryImpl@2dc72d5c]
2023-12-28T17:04:56.946+09:00  INFO 29884 --- [restartedMain] o.h.e.t.j.p.i.JtaPlatformInitiator       : HHH000490: Using JtaPlatform implementation: [org.hibernate.engine.transaction.jta.platform.internal.NoJtaPlatform]
2023-12-28T17:04:56.946+09:00 TRACE 29884 --- [restartedMain] o.h.type.spi.TypeConfiguration$Scope     : Handling #sessionFactoryCreated from [org.hibernate.internal.SessionFactoryImpl@2dc72d5c] for TypeConfiguration
2023-12-28T17:04:56.946+09:00  INFO 29884 --- [restartedMain] j.LocalContainerEntityManagerFactoryBean : Initialized JPA EntityManagerFactory for persistence unit 'default'
2023-12-28T17:04:56.979+09:00 DEBUG 29884 --- [restartedMain] o.h.stat.internal.StatisticsInitiator    : Statistics initialized [enabled=false]
2023-12-28T17:04:57.890+09:00  WARN 29884 --- [restartedMain] JpaBaseConfiguration$JpaWebConfiguration : spring.jpa.open-in-view is enabled by default. Therefore, database queries may be performed during view rendering. Explicitly configure spring.jpa.open-in-view to disable this warning
2023-12-28T17:04:57.909+09:00  INFO 29884 --- [restartedMain] o.s.s.web.DefaultSecurityFilterChain     : Will secure any request with [org.springframework.security.web.session.DisableEncodeUrlFilter@5de5c673, org.springframework.security.web.context.request.async.WebAsyncManagerIntegrationFilter@5f1c6c0f, org.springframework.security.web.context.SecurityContextHolderFilter@24d9720, org.springframework.security.web.header.HeaderWriterFilter@648adc1f, org.springframework.security.web.authentication.logout.LogoutFilter@2f2f130a, org.springframework.security.web.authentication.UsernamePasswordAuthenticationFilter@a85336a, org.springframework.security.web.savedrequest.RequestCacheAwareFilter@1098a9ac, org.springframework.security.web.servletapi.SecurityContextHolderAwareRequestFilter@736d28dd, org.springframework.security.web.authentication.AnonymousAuthenticationFilter@4863f150, org.springframework.security.web.access.ExceptionTranslationFilter@efdad77, org.springframework.security.web.access.intercept.AuthorizationFilter@601efed2]
2023-12-28T17:04:58.028+09:00  INFO 29884 --- [restartedMain] o.s.b.d.a.OptionalLiveReloadServer       : LiveReload server is running on port 35729
2023-12-28T17:04:58.058+09:00  INFO 29884 --- [restartedMain] o.s.b.w.embedded.tomcat.TomcatWebServer  : Tomcat started on port(s): 80 (http) with context path ''
2023-12-28T17:04:58.063+09:00  INFO 29884 --- [restartedMain] com.kdt.AirbudsApplication               : Started AirbudsApplication in 2.21 seconds (process running for 3386.391)
2023-12-28T17:04:58.064+09:00  INFO 29884 --- [restartedMain] .ConditionEvaluationDeltaLoggingListener : Condition evaluation unchanged
